2023-05-11 19:42:24,274 INFO    StreamThr :5454 [internal.py:wandb_internal():86] W&B internal server running at pid: 5454, started at: 2023-05-11 19:42:24.274456
2023-05-11 19:42:24,275 DEBUG   HandlerThread:5454 [handler.py:handle_request():144] handle_request: status
2023-05-11 19:42:24,280 INFO    WriterThread:5454 [datastore.py:open_for_write():85] open: /Users/pedram/PycharmProjects/cd0581-building-a-reproducible-model-workflow-exercises/lesson-2-data-exploration-and-preparation/exercises/exercise_4/starter/wandb/run-20230511_194224-u7quk6sb/run-u7quk6sb.wandb
2023-05-11 19:42:24,281 DEBUG   SenderThread:5454 [sender.py:send():375] send: header
2023-05-11 19:42:24,290 DEBUG   SenderThread:5454 [sender.py:send():375] send: run
2023-05-11 19:42:25,502 INFO    SenderThread:5454 [dir_watcher.py:__init__():219] watching files in: /Users/pedram/PycharmProjects/cd0581-building-a-reproducible-model-workflow-exercises/lesson-2-data-exploration-and-preparation/exercises/exercise_4/starter/wandb/run-20230511_194224-u7quk6sb/files
2023-05-11 19:42:25,502 INFO    SenderThread:5454 [sender.py:_start_run_threads():1124] run started: u7quk6sb with start time 1683826944.276298
2023-05-11 19:42:25,503 DEBUG   SenderThread:5454 [sender.py:send_request():402] send_request: summary_record
2023-05-11 19:42:25,503 INFO    SenderThread:5454 [sender.py:_save_file():1378] saving file wandb-summary.json with policy end
2023-05-11 19:42:25,504 DEBUG   HandlerThread:5454 [handler.py:handle_request():144] handle_request: check_version
2023-05-11 19:42:25,505 DEBUG   SenderThread:5454 [sender.py:send_request():402] send_request: check_version
2023-05-11 19:42:25,644 DEBUG   HandlerThread:5454 [handler.py:handle_request():144] handle_request: run_start
2023-05-11 19:42:25,651 DEBUG   HandlerThread:5454 [system_info.py:__init__():31] System info init
2023-05-11 19:42:25,652 DEBUG   HandlerThread:5454 [system_info.py:__init__():46] System info init done
2023-05-11 19:42:25,652 INFO    HandlerThread:5454 [system_monitor.py:start():181] Starting system monitor
2023-05-11 19:42:25,652 INFO    SystemMonitor:5454 [system_monitor.py:_start():145] Starting system asset monitoring threads
2023-05-11 19:42:25,652 INFO    HandlerThread:5454 [system_monitor.py:probe():201] Collecting system info
2023-05-11 19:42:25,652 INFO    SystemMonitor:5454 [interfaces.py:start():190] Started cpu monitoring
2023-05-11 19:42:25,652 DEBUG   HandlerThread:5454 [system_info.py:probe():195] Probing system
2023-05-11 19:42:25,652 INFO    SystemMonitor:5454 [interfaces.py:start():190] Started disk monitoring
2023-05-11 19:42:25,653 INFO    SystemMonitor:5454 [interfaces.py:start():190] Started gpuapple monitoring
2023-05-11 19:42:25,654 INFO    SystemMonitor:5454 [interfaces.py:start():190] Started memory monitoring
2023-05-11 19:42:25,655 INFO    SystemMonitor:5454 [interfaces.py:start():190] Started network monitoring
2023-05-11 19:42:25,658 DEBUG   HandlerThread:5454 [system_info.py:_probe_git():180] Probing git
2023-05-11 19:42:25,669 DEBUG   HandlerThread:5454 [system_info.py:_probe_git():188] Probing git done
2023-05-11 19:42:25,669 DEBUG   HandlerThread:5454 [system_info.py:probe():240] Probing system done
2023-05-11 19:42:25,669 DEBUG   HandlerThread:5454 [system_monitor.py:probe():210] {'os': 'macOS-13.3.1-arm64-arm-64bit', 'python': '3.9.12', 'heartbeatAt': '2023-05-11T17:42:25.653009', 'startedAt': '2023-05-11T17:42:24.259895', 'docker': None, 'cuda': None, 'args': ('artifact', 'put', '--name', 'genres_mod.parquet', '--type', 'raw_data', '--description', 'A modified version of the songs dataset', 'genres_mod.parquet'), 'state': 'running', 'program': '/opt/homebrew/bin/wandb', 'git': {'remote': 'https://github.com/PedramHashemi/cd0581-building-a-reproducible-model-workflow-exercises.git', 'commit': 'b97e1a7e730ce71bdecef1a4e8d09896f4be5459'}, 'email': 's.pedram.h@gmail.com', 'root': '/Users/pedram/PycharmProjects/cd0581-building-a-reproducible-model-workflow-exercises', 'host': 'Hulk.fritz.box', 'username': 'pedram', 'executable': '/opt/homebrew/opt/python@3.9/bin/python3.9', 'cpu_count': 8, 'cpu_count_logical': 8, 'disk': {'total': 926.3517189025879, 'used': 8.451492309570312}, 'gpuapple': {'type': 'arm', 'vendor': 'Apple'}, 'memory': {'total': 16.0}}
2023-05-11 19:42:25,669 INFO    HandlerThread:5454 [system_monitor.py:probe():211] Finished collecting system info
2023-05-11 19:42:25,669 INFO    HandlerThread:5454 [system_monitor.py:probe():214] Publishing system info
2023-05-11 19:42:25,669 DEBUG   HandlerThread:5454 [system_info.py:_save_pip():51] Saving list of pip packages installed into the current environment
2023-05-11 19:42:25,670 DEBUG   HandlerThread:5454 [system_info.py:_save_pip():67] Saving pip packages done
2023-05-11 19:42:25,670 INFO    HandlerThread:5454 [system_monitor.py:probe():216] Finished publishing system info
2023-05-11 19:42:25,672 DEBUG   SenderThread:5454 [sender.py:send():375] send: files
2023-05-11 19:42:25,672 INFO    SenderThread:5454 [sender.py:_save_file():1378] saving file wandb-metadata.json with policy now
2023-05-11 19:42:25,675 DEBUG   HandlerThread:5454 [handler.py:handle_request():144] handle_request: stop_status
2023-05-11 19:42:25,675 DEBUG   SenderThread:5454 [sender.py:send_request():402] send_request: stop_status
2023-05-11 19:42:25,872 DEBUG   SenderThread:5454 [sender.py:send():375] send: telemetry
2023-05-11 19:42:26,179 INFO    wandb-upload_0:5454 [upload_job.py:push():137] Uploaded file /var/folders/v5/0976mnlx54z7jmk4_t491_2r0000gn/T/tmp7rfr5mcnwandb/v3ug5zfa-wandb-metadata.json
2023-05-11 19:42:26,509 INFO    Thread-12 :5454 [dir_watcher.py:_on_file_created():278] file/dir created: /Users/pedram/PycharmProjects/cd0581-building-a-reproducible-model-workflow-exercises/lesson-2-data-exploration-and-preparation/exercises/exercise_4/starter/wandb/run-20230511_194224-u7quk6sb/files/requirements.txt
2023-05-11 19:42:26,509 INFO    Thread-12 :5454 [dir_watcher.py:_on_file_created():278] file/dir created: /Users/pedram/PycharmProjects/cd0581-building-a-reproducible-model-workflow-exercises/lesson-2-data-exploration-and-preparation/exercises/exercise_4/starter/wandb/run-20230511_194224-u7quk6sb/files/wandb-summary.json
2023-05-11 19:42:26,510 INFO    Thread-12 :5454 [dir_watcher.py:_on_file_created():278] file/dir created: /Users/pedram/PycharmProjects/cd0581-building-a-reproducible-model-workflow-exercises/lesson-2-data-exploration-and-preparation/exercises/exercise_4/starter/wandb/run-20230511_194224-u7quk6sb/files/wandb-metadata.json
2023-05-11 19:42:26,515 DEBUG   HandlerThread:5454 [handler.py:handle_request():144] handle_request: log_artifact
2023-05-11 19:42:26,515 DEBUG   SenderThread:5454 [sender.py:send_request():402] send_request: log_artifact
2023-05-11 19:42:28,687 INFO    wandb-upload_0:5454 [upload_job.py:push():95] Uploaded file /Users/pedram/Library/Application Support/wandb/artifacts/staging/tmp61lvcxrq
2023-05-11 19:42:29,620 INFO    SenderThread:5454 [sender.py:send_request_log_artifact():1438] logged artifact genres_mod.parquet - {'id': 'QXJ0aWZhY3Q6NDUxMTMzMjk3', 'digest': 'd07cfe0c8bd86971c9f85bce13c85266', 'state': 'PENDING', 'aliases': [], 'artifactSequence': {'id': 'QXJ0aWZhY3RDb2xsZWN0aW9uOjY4NTUxMjIw', 'latestArtifact': None}, 'version': 'latest'}
2023-05-11 19:42:29,620 DEBUG   HandlerThread:5454 [handler.py:handle_request():144] handle_request: status_report
2023-05-11 19:42:30,201 DEBUG   SenderThread:5454 [sender.py:send():375] send: exit
2023-05-11 19:42:30,201 INFO    SenderThread:5454 [sender.py:send_exit():598] handling exit code: 0
2023-05-11 19:42:30,201 INFO    SenderThread:5454 [sender.py:send_exit():600] handling runtime: 4
2023-05-11 19:42:30,202 INFO    SenderThread:5454 [sender.py:_save_file():1378] saving file wandb-summary.json with policy end
2023-05-11 19:42:30,202 INFO    SenderThread:5454 [sender.py:send_exit():606] send defer
2023-05-11 19:42:30,203 DEBUG   HandlerThread:5454 [handler.py:handle_request():144] handle_request: defer
2023-05-11 19:42:30,203 INFO    HandlerThread:5454 [handler.py:handle_request_defer():170] handle defer: 0
2023-05-11 19:42:30,203 DEBUG   SenderThread:5454 [sender.py:send_request():402] send_request: defer
2023-05-11 19:42:30,203 INFO    SenderThread:5454 [sender.py:send_request_defer():622] handle sender defer: 0
2023-05-11 19:42:30,203 INFO    SenderThread:5454 [sender.py:transition_state():626] send defer: 1
2023-05-11 19:42:30,203 DEBUG   HandlerThread:5454 [handler.py:handle_request():144] handle_request: defer
2023-05-11 19:42:30,203 INFO    HandlerThread:5454 [handler.py:handle_request_defer():170] handle defer: 1
2023-05-11 19:42:30,204 DEBUG   SenderThread:5454 [sender.py:send_request():402] send_request: defer
2023-05-11 19:42:30,204 INFO    SenderThread:5454 [sender.py:send_request_defer():622] handle sender defer: 1
2023-05-11 19:42:30,204 INFO    SenderThread:5454 [sender.py:transition_state():626] send defer: 2
2023-05-11 19:42:30,204 DEBUG   HandlerThread:5454 [handler.py:handle_request():144] handle_request: defer
2023-05-11 19:42:30,204 INFO    HandlerThread:5454 [handler.py:handle_request_defer():170] handle defer: 2
2023-05-11 19:42:30,204 INFO    HandlerThread:5454 [system_monitor.py:finish():190] Stopping system monitor
2023-05-11 19:42:30,205 INFO    HandlerThread:5454 [interfaces.py:finish():202] Joined cpu monitor
2023-05-11 19:42:30,205 DEBUG   SystemMonitor:5454 [system_monitor.py:_start():159] Starting system metrics aggregation loop
2023-05-11 19:42:30,205 DEBUG   SystemMonitor:5454 [system_monitor.py:_start():166] Finished system metrics aggregation loop
2023-05-11 19:42:30,205 DEBUG   SystemMonitor:5454 [system_monitor.py:_start():170] Publishing last batch of metrics
2023-05-11 19:42:30,205 INFO    HandlerThread:5454 [interfaces.py:finish():202] Joined disk monitor
2023-05-11 19:42:30,206 INFO    HandlerThread:5454 [interfaces.py:finish():202] Joined gpuapple monitor
2023-05-11 19:42:30,206 INFO    HandlerThread:5454 [interfaces.py:finish():202] Joined memory monitor
2023-05-11 19:42:30,206 INFO    HandlerThread:5454 [interfaces.py:finish():202] Joined network monitor
2023-05-11 19:42:30,207 DEBUG   SenderThread:5454 [sender.py:send_request():402] send_request: defer
2023-05-11 19:42:30,207 INFO    SenderThread:5454 [sender.py:send_request_defer():622] handle sender defer: 2
2023-05-11 19:42:30,207 INFO    SenderThread:5454 [sender.py:transition_state():626] send defer: 3
2023-05-11 19:42:30,207 DEBUG   SenderThread:5454 [sender.py:send():375] send: telemetry
2023-05-11 19:42:30,207 DEBUG   SenderThread:5454 [sender.py:send():375] send: stats
2023-05-11 19:42:30,207 DEBUG   HandlerThread:5454 [handler.py:handle_request():144] handle_request: defer
2023-05-11 19:42:30,208 INFO    HandlerThread:5454 [handler.py:handle_request_defer():170] handle defer: 3
2023-05-11 19:42:30,208 DEBUG   SenderThread:5454 [sender.py:send_request():402] send_request: defer
2023-05-11 19:42:30,208 INFO    SenderThread:5454 [sender.py:send_request_defer():622] handle sender defer: 3
2023-05-11 19:42:30,208 INFO    SenderThread:5454 [sender.py:transition_state():626] send defer: 4
2023-05-11 19:42:30,208 DEBUG   HandlerThread:5454 [handler.py:handle_request():144] handle_request: defer
2023-05-11 19:42:30,208 INFO    HandlerThread:5454 [handler.py:handle_request_defer():170] handle defer: 4
2023-05-11 19:42:30,208 DEBUG   SenderThread:5454 [sender.py:send_request():402] send_request: defer
2023-05-11 19:42:30,208 INFO    SenderThread:5454 [sender.py:send_request_defer():622] handle sender defer: 4
2023-05-11 19:42:30,208 INFO    SenderThread:5454 [sender.py:transition_state():626] send defer: 5
2023-05-11 19:42:30,208 DEBUG   HandlerThread:5454 [handler.py:handle_request():144] handle_request: defer
2023-05-11 19:42:30,209 INFO    HandlerThread:5454 [handler.py:handle_request_defer():170] handle defer: 5
2023-05-11 19:42:30,209 DEBUG   SenderThread:5454 [sender.py:send():375] send: summary
2023-05-11 19:42:30,209 INFO    SenderThread:5454 [sender.py:_save_file():1378] saving file wandb-summary.json with policy end
2023-05-11 19:42:30,209 DEBUG   SenderThread:5454 [sender.py:send_request():402] send_request: defer
2023-05-11 19:42:30,209 INFO    SenderThread:5454 [sender.py:send_request_defer():622] handle sender defer: 5
2023-05-11 19:42:30,209 INFO    SenderThread:5454 [sender.py:transition_state():626] send defer: 6
2023-05-11 19:42:30,209 DEBUG   HandlerThread:5454 [handler.py:handle_request():144] handle_request: defer
2023-05-11 19:42:30,210 INFO    HandlerThread:5454 [handler.py:handle_request_defer():170] handle defer: 6
2023-05-11 19:42:30,210 DEBUG   SenderThread:5454 [sender.py:send_request():402] send_request: defer
2023-05-11 19:42:30,210 INFO    SenderThread:5454 [sender.py:send_request_defer():622] handle sender defer: 6
2023-05-11 19:42:30,213 DEBUG   HandlerThread:5454 [handler.py:handle_request():144] handle_request: status_report
2023-05-11 19:42:30,508 INFO    SenderThread:5454 [sender.py:transition_state():626] send defer: 7
2023-05-11 19:42:30,508 DEBUG   HandlerThread:5454 [handler.py:handle_request():144] handle_request: defer
2023-05-11 19:42:30,508 INFO    HandlerThread:5454 [handler.py:handle_request_defer():170] handle defer: 7
2023-05-11 19:42:30,509 DEBUG   SenderThread:5454 [sender.py:send_request():402] send_request: defer
2023-05-11 19:42:30,509 INFO    SenderThread:5454 [sender.py:send_request_defer():622] handle sender defer: 7
2023-05-11 19:42:30,526 INFO    Thread-12 :5454 [dir_watcher.py:_on_file_modified():295] file/dir modified: /Users/pedram/PycharmProjects/cd0581-building-a-reproducible-model-workflow-exercises/lesson-2-data-exploration-and-preparation/exercises/exercise_4/starter/wandb/run-20230511_194224-u7quk6sb/files/wandb-summary.json
2023-05-11 19:42:30,526 INFO    Thread-12 :5454 [dir_watcher.py:_on_file_modified():295] file/dir modified: /Users/pedram/PycharmProjects/cd0581-building-a-reproducible-model-workflow-exercises/lesson-2-data-exploration-and-preparation/exercises/exercise_4/starter/wandb/run-20230511_194224-u7quk6sb/files/config.yaml
2023-05-11 19:42:30,526 INFO    Thread-12 :5454 [dir_watcher.py:_on_file_created():278] file/dir created: /Users/pedram/PycharmProjects/cd0581-building-a-reproducible-model-workflow-exercises/lesson-2-data-exploration-and-preparation/exercises/exercise_4/starter/wandb/run-20230511_194224-u7quk6sb/files/output.log
2023-05-11 19:42:31,207 DEBUG   HandlerThread:5454 [handler.py:handle_request():144] handle_request: poll_exit
2023-05-11 19:42:32,209 INFO    SenderThread:5454 [sender.py:transition_state():626] send defer: 8
2023-05-11 19:42:32,210 DEBUG   SenderThread:5454 [sender.py:send_request():402] send_request: poll_exit
2023-05-11 19:42:32,210 DEBUG   HandlerThread:5454 [handler.py:handle_request():144] handle_request: defer
2023-05-11 19:42:32,210 INFO    HandlerThread:5454 [handler.py:handle_request_defer():170] handle defer: 8
2023-05-11 19:42:32,211 DEBUG   SenderThread:5454 [sender.py:send_request():402] send_request: defer
2023-05-11 19:42:32,211 INFO    SenderThread:5454 [sender.py:send_request_defer():622] handle sender defer: 8
2023-05-11 19:42:32,212 INFO    SenderThread:5454 [sender.py:transition_state():626] send defer: 9
2023-05-11 19:42:32,213 DEBUG   HandlerThread:5454 [handler.py:handle_request():144] handle_request: defer
2023-05-11 19:42:32,213 INFO    HandlerThread:5454 [handler.py:handle_request_defer():170] handle defer: 9
2023-05-11 19:42:32,213 DEBUG   SenderThread:5454 [sender.py:send_request():402] send_request: defer
2023-05-11 19:42:32,213 INFO    SenderThread:5454 [sender.py:send_request_defer():622] handle sender defer: 9
2023-05-11 19:42:32,213 INFO    SenderThread:5454 [dir_watcher.py:finish():365] shutting down directory watcher
2023-05-11 19:42:32,534 INFO    SenderThread:5454 [dir_watcher.py:_on_file_modified():295] file/dir modified: /Users/pedram/PycharmProjects/cd0581-building-a-reproducible-model-workflow-exercises/lesson-2-data-exploration-and-preparation/exercises/exercise_4/starter/wandb/run-20230511_194224-u7quk6sb/files/output.log
2023-05-11 19:42:32,534 INFO    SenderThread:5454 [dir_watcher.py:finish():395] scan: /Users/pedram/PycharmProjects/cd0581-building-a-reproducible-model-workflow-exercises/lesson-2-data-exploration-and-preparation/exercises/exercise_4/starter/wandb/run-20230511_194224-u7quk6sb/files
2023-05-11 19:42:32,534 INFO    SenderThread:5454 [dir_watcher.py:finish():409] scan save: /Users/pedram/PycharmProjects/cd0581-building-a-reproducible-model-workflow-exercises/lesson-2-data-exploration-and-preparation/exercises/exercise_4/starter/wandb/run-20230511_194224-u7quk6sb/files/requirements.txt requirements.txt
2023-05-11 19:42:32,534 INFO    SenderThread:5454 [dir_watcher.py:finish():409] scan save: /Users/pedram/PycharmProjects/cd0581-building-a-reproducible-model-workflow-exercises/lesson-2-data-exploration-and-preparation/exercises/exercise_4/starter/wandb/run-20230511_194224-u7quk6sb/files/output.log output.log
2023-05-11 19:42:32,537 INFO    SenderThread:5454 [dir_watcher.py:finish():409] scan save: /Users/pedram/PycharmProjects/cd0581-building-a-reproducible-model-workflow-exercises/lesson-2-data-exploration-and-preparation/exercises/exercise_4/starter/wandb/run-20230511_194224-u7quk6sb/files/config.yaml config.yaml
2023-05-11 19:42:32,537 INFO    SenderThread:5454 [dir_watcher.py:finish():409] scan save: /Users/pedram/PycharmProjects/cd0581-building-a-reproducible-model-workflow-exercises/lesson-2-data-exploration-and-preparation/exercises/exercise_4/starter/wandb/run-20230511_194224-u7quk6sb/files/wandb-summary.json wandb-summary.json
2023-05-11 19:42:32,539 INFO    SenderThread:5454 [dir_watcher.py:finish():409] scan save: /Users/pedram/PycharmProjects/cd0581-building-a-reproducible-model-workflow-exercises/lesson-2-data-exploration-and-preparation/exercises/exercise_4/starter/wandb/run-20230511_194224-u7quk6sb/files/wandb-metadata.json wandb-metadata.json
2023-05-11 19:42:32,539 INFO    SenderThread:5454 [sender.py:transition_state():626] send defer: 10
2023-05-11 19:42:32,542 DEBUG   HandlerThread:5454 [handler.py:handle_request():144] handle_request: defer
2023-05-11 19:42:32,542 INFO    HandlerThread:5454 [handler.py:handle_request_defer():170] handle defer: 10
2023-05-11 19:42:32,543 DEBUG   SenderThread:5454 [sender.py:send_request():402] send_request: defer
2023-05-11 19:42:32,543 INFO    SenderThread:5454 [sender.py:send_request_defer():622] handle sender defer: 10
2023-05-11 19:42:32,543 INFO    SenderThread:5454 [file_pusher.py:finish():167] shutting down file pusher
2023-05-11 19:42:33,011 INFO    wandb-upload_1:5454 [upload_job.py:push():137] Uploaded file /Users/pedram/PycharmProjects/cd0581-building-a-reproducible-model-workflow-exercises/lesson-2-data-exploration-and-preparation/exercises/exercise_4/starter/wandb/run-20230511_194224-u7quk6sb/files/output.log
2023-05-11 19:42:33,070 INFO    wandb-upload_3:5454 [upload_job.py:push():137] Uploaded file /Users/pedram/PycharmProjects/cd0581-building-a-reproducible-model-workflow-exercises/lesson-2-data-exploration-and-preparation/exercises/exercise_4/starter/wandb/run-20230511_194224-u7quk6sb/files/wandb-summary.json
2023-05-11 19:42:33,081 INFO    wandb-upload_0:5454 [upload_job.py:push():137] Uploaded file /Users/pedram/PycharmProjects/cd0581-building-a-reproducible-model-workflow-exercises/lesson-2-data-exploration-and-preparation/exercises/exercise_4/starter/wandb/run-20230511_194224-u7quk6sb/files/requirements.txt
2023-05-11 19:42:33,083 INFO    wandb-upload_2:5454 [upload_job.py:push():137] Uploaded file /Users/pedram/PycharmProjects/cd0581-building-a-reproducible-model-workflow-exercises/lesson-2-data-exploration-and-preparation/exercises/exercise_4/starter/wandb/run-20230511_194224-u7quk6sb/files/config.yaml
2023-05-11 19:42:33,288 INFO    Thread-11 :5454 [sender.py:transition_state():626] send defer: 11
2023-05-11 19:42:33,289 DEBUG   HandlerThread:5454 [handler.py:handle_request():144] handle_request: defer
2023-05-11 19:42:33,290 INFO    HandlerThread:5454 [handler.py:handle_request_defer():170] handle defer: 11
2023-05-11 19:42:33,290 DEBUG   SenderThread:5454 [sender.py:send_request():402] send_request: defer
2023-05-11 19:42:33,290 INFO    SenderThread:5454 [sender.py:send_request_defer():622] handle sender defer: 11
2023-05-11 19:42:33,290 INFO    SenderThread:5454 [file_pusher.py:join():172] waiting for file pusher
2023-05-11 19:42:33,291 INFO    SenderThread:5454 [sender.py:transition_state():626] send defer: 12
2023-05-11 19:42:33,291 DEBUG   HandlerThread:5454 [handler.py:handle_request():144] handle_request: defer
2023-05-11 19:42:33,291 INFO    HandlerThread:5454 [handler.py:handle_request_defer():170] handle defer: 12
2023-05-11 19:42:33,291 DEBUG   SenderThread:5454 [sender.py:send_request():402] send_request: defer
2023-05-11 19:42:33,292 INFO    SenderThread:5454 [sender.py:send_request_defer():622] handle sender defer: 12
2023-05-11 19:42:33,472 INFO    SenderThread:5454 [sender.py:transition_state():626] send defer: 13
2023-05-11 19:42:33,473 DEBUG   HandlerThread:5454 [handler.py:handle_request():144] handle_request: defer
2023-05-11 19:42:33,473 INFO    HandlerThread:5454 [handler.py:handle_request_defer():170] handle defer: 13
2023-05-11 19:42:33,473 DEBUG   SenderThread:5454 [sender.py:send_request():402] send_request: defer
2023-05-11 19:42:33,474 INFO    SenderThread:5454 [sender.py:send_request_defer():622] handle sender defer: 13
2023-05-11 19:42:33,474 INFO    SenderThread:5454 [sender.py:transition_state():626] send defer: 14
2023-05-11 19:42:33,475 DEBUG   HandlerThread:5454 [handler.py:handle_request():144] handle_request: defer
2023-05-11 19:42:33,475 DEBUG   SenderThread:5454 [sender.py:send():375] send: final
2023-05-11 19:42:33,475 INFO    HandlerThread:5454 [handler.py:handle_request_defer():170] handle defer: 14
2023-05-11 19:42:33,475 DEBUG   SenderThread:5454 [sender.py:send():375] send: footer
2023-05-11 19:42:33,475 DEBUG   SenderThread:5454 [sender.py:send_request():402] send_request: defer
2023-05-11 19:42:33,476 INFO    SenderThread:5454 [sender.py:send_request_defer():622] handle sender defer: 14
2023-05-11 19:42:33,477 DEBUG   HandlerThread:5454 [handler.py:handle_request():144] handle_request: poll_exit
2023-05-11 19:42:33,477 DEBUG   HandlerThread:5454 [handler.py:handle_request():144] handle_request: server_info
2023-05-11 19:42:33,477 DEBUG   HandlerThread:5454 [handler.py:handle_request():144] handle_request: get_summary
2023-05-11 19:42:33,477 DEBUG   SenderThread:5454 [sender.py:send_request():402] send_request: poll_exit
2023-05-11 19:42:33,478 DEBUG   SenderThread:5454 [sender.py:send_request():402] send_request: server_info
2023-05-11 19:42:33,478 DEBUG   HandlerThread:5454 [handler.py:handle_request():144] handle_request: sampled_history
2023-05-11 19:42:33,629 INFO    MainThread:5454 [wandb_run.py:_footer_history_summary_info():3469] rendering history
2023-05-11 19:42:33,630 INFO    MainThread:5454 [wandb_run.py:_footer_history_summary_info():3501] rendering summary
2023-05-11 19:42:33,630 INFO    MainThread:5454 [wandb_run.py:_footer_sync_info():3428] logging synced files
2023-05-11 19:42:33,631 DEBUG   HandlerThread:5454 [handler.py:handle_request():144] handle_request: shutdown
2023-05-11 19:42:33,631 INFO    HandlerThread:5454 [handler.py:finish():845] shutting down handler
2023-05-11 19:42:34,482 INFO    WriterThread:5454 [datastore.py:close():298] close: /Users/pedram/PycharmProjects/cd0581-building-a-reproducible-model-workflow-exercises/lesson-2-data-exploration-and-preparation/exercises/exercise_4/starter/wandb/run-20230511_194224-u7quk6sb/run-u7quk6sb.wandb
2023-05-11 19:42:34,634 INFO    SenderThread:5454 [sender.py:finish():1550] shutting down sender
2023-05-11 19:42:34,634 INFO    SenderThread:5454 [file_pusher.py:finish():167] shutting down file pusher
2023-05-11 19:42:34,634 INFO    SenderThread:5454 [file_pusher.py:join():172] waiting for file pusher
