2023-05-11 19:42:24,263 INFO    MainThread:5445 [wandb_setup.py:_flush():76] Current SDK version is 0.15.2
2023-05-11 19:42:24,263 INFO    MainThread:5445 [wandb_setup.py:_flush():76] Configure stats pid to 5445
2023-05-11 19:42:24,263 INFO    MainThread:5445 [wandb_setup.py:_flush():76] Loading settings from /Users/pedram/.config/wandb/settings
2023-05-11 19:42:24,263 INFO    MainThread:5445 [wandb_setup.py:_flush():76] Loading settings from /Users/pedram/PycharmProjects/cd0581-building-a-reproducible-model-workflow-exercises/lesson-2-data-exploration-and-preparation/exercises/exercise_4/starter/wandb/settings
2023-05-11 19:42:24,263 INFO    MainThread:5445 [wandb_setup.py:_flush():76] Loading settings from environment variables: {'entity': 's-pedram-h', 'project': 'uncategorized'}
2023-05-11 19:42:24,263 INFO    MainThread:5445 [wandb_setup.py:_flush():76] Applying setup settings: {'_disable_service': False}
2023-05-11 19:42:24,263 WARNING MainThread:5445 [wandb_setup.py:_flush():76] Could not save program above cwd: /opt/homebrew/bin/wandb
2023-05-11 19:42:24,263 INFO    MainThread:5445 [wandb_setup.py:_flush():76] Inferring run settings from compute environment: {'program_relpath': None, 'program': '/opt/homebrew/bin/wandb'}
2023-05-11 19:42:24,263 INFO    MainThread:5445 [wandb_init.py:_log_setup():507] Logging user logs to /Users/pedram/PycharmProjects/cd0581-building-a-reproducible-model-workflow-exercises/lesson-2-data-exploration-and-preparation/exercises/exercise_4/starter/wandb/run-20230511_194224-u7quk6sb/logs/debug.log
2023-05-11 19:42:24,263 INFO    MainThread:5445 [wandb_init.py:_log_setup():508] Logging internal logs to /Users/pedram/PycharmProjects/cd0581-building-a-reproducible-model-workflow-exercises/lesson-2-data-exploration-and-preparation/exercises/exercise_4/starter/wandb/run-20230511_194224-u7quk6sb/logs/debug-internal.log
2023-05-11 19:42:24,264 INFO    MainThread:5445 [wandb_init.py:init():547] calling init triggers
2023-05-11 19:42:24,264 INFO    MainThread:5445 [wandb_init.py:init():554] wandb.init called with sweep_config: {}
config: {'path': 'genres_mod.parquet'}
2023-05-11 19:42:24,264 INFO    MainThread:5445 [wandb_init.py:init():596] starting backend
2023-05-11 19:42:24,264 INFO    MainThread:5445 [wandb_init.py:init():600] setting up manager
2023-05-11 19:42:24,271 INFO    MainThread:5445 [backend.py:_multiprocessing_setup():106] multiprocessing start_methods=spawn,fork,forkserver, using: spawn
2023-05-11 19:42:24,276 INFO    MainThread:5445 [wandb_init.py:init():606] backend started and connected
2023-05-11 19:42:24,280 INFO    MainThread:5445 [wandb_init.py:init():700] updated telemetry
2023-05-11 19:42:24,290 INFO    MainThread:5445 [wandb_init.py:init():737] communicating run to backend with 60.0 second timeout
2023-05-11 19:42:25,504 INFO    MainThread:5445 [wandb_run.py:_on_init():2177] communicating current version
2023-05-11 19:42:25,641 INFO    MainThread:5445 [wandb_run.py:_on_init():2186] got version response 
2023-05-11 19:42:25,641 INFO    MainThread:5445 [wandb_init.py:init():787] starting run threads in backend
2023-05-11 19:42:25,675 INFO    MainThread:5445 [wandb_run.py:_console_start():2158] atexit reg
2023-05-11 19:42:25,675 INFO    MainThread:5445 [wandb_run.py:_redirect():2013] redirect: SettingsConsole.WRAP_RAW
2023-05-11 19:42:25,675 INFO    MainThread:5445 [wandb_run.py:_redirect():2078] Wrapping output streams.
2023-05-11 19:42:25,675 INFO    MainThread:5445 [wandb_run.py:_redirect():2103] Redirects installed.
2023-05-11 19:42:25,675 INFO    MainThread:5445 [wandb_init.py:init():829] run started, returning control to user process
2023-05-11 19:42:34,767 WARNING MsgRouterThr:5445 [router.py:message_loop():77] message_loop has been closed
