2023-05-11 19:46:56,122 INFO    StreamThr :5545 [internal.py:wandb_internal():86] W&B internal server running at pid: 5545, started at: 2023-05-11 19:46:56.121440
2023-05-11 19:46:56,123 DEBUG   HandlerThread:5545 [handler.py:handle_request():144] handle_request: status
2023-05-11 19:46:56,128 INFO    WriterThread:5545 [datastore.py:open_for_write():85] open: /Users/pedram/PycharmProjects/cd0581-building-a-reproducible-model-workflow-exercises/lesson-2-data-exploration-and-preparation/exercises/exercise_4/starter/wandb/run-20230511_194656-dri22dry/run-dri22dry.wandb
2023-05-11 19:46:56,128 DEBUG   SenderThread:5545 [sender.py:send():375] send: header
2023-05-11 19:46:56,139 DEBUG   SenderThread:5545 [sender.py:send():375] send: run
2023-05-11 19:46:56,554 INFO    SenderThread:5545 [dir_watcher.py:__init__():219] watching files in: /Users/pedram/PycharmProjects/cd0581-building-a-reproducible-model-workflow-exercises/lesson-2-data-exploration-and-preparation/exercises/exercise_4/starter/wandb/run-20230511_194656-dri22dry/files
2023-05-11 19:46:56,554 INFO    SenderThread:5545 [sender.py:_start_run_threads():1124] run started: dri22dry with start time 1683827216.123472
2023-05-11 19:46:56,554 DEBUG   SenderThread:5545 [sender.py:send_request():402] send_request: summary_record
2023-05-11 19:46:56,555 INFO    SenderThread:5545 [sender.py:_save_file():1378] saving file wandb-summary.json with policy end
2023-05-11 19:46:56,559 DEBUG   HandlerThread:5545 [handler.py:handle_request():144] handle_request: check_version
2023-05-11 19:46:56,559 DEBUG   SenderThread:5545 [sender.py:send_request():402] send_request: check_version
2023-05-11 19:46:56,723 DEBUG   HandlerThread:5545 [handler.py:handle_request():144] handle_request: run_start
2023-05-11 19:46:56,729 DEBUG   HandlerThread:5545 [system_info.py:__init__():31] System info init
2023-05-11 19:46:56,730 DEBUG   HandlerThread:5545 [system_info.py:__init__():46] System info init done
2023-05-11 19:46:56,730 INFO    HandlerThread:5545 [system_monitor.py:start():181] Starting system monitor
2023-05-11 19:46:56,730 INFO    SystemMonitor:5545 [system_monitor.py:_start():145] Starting system asset monitoring threads
2023-05-11 19:46:56,730 INFO    HandlerThread:5545 [system_monitor.py:probe():201] Collecting system info
2023-05-11 19:46:56,731 DEBUG   HandlerThread:5545 [system_info.py:probe():195] Probing system
2023-05-11 19:46:56,731 INFO    SystemMonitor:5545 [interfaces.py:start():190] Started cpu monitoring
2023-05-11 19:46:56,731 INFO    SystemMonitor:5545 [interfaces.py:start():190] Started disk monitoring
2023-05-11 19:46:56,733 INFO    SystemMonitor:5545 [interfaces.py:start():190] Started gpuapple monitoring
2023-05-11 19:46:56,734 INFO    SystemMonitor:5545 [interfaces.py:start():190] Started memory monitoring
2023-05-11 19:46:56,734 INFO    SystemMonitor:5545 [interfaces.py:start():190] Started network monitoring
2023-05-11 19:46:56,738 DEBUG   HandlerThread:5545 [system_info.py:_probe_git():180] Probing git
2023-05-11 19:46:56,752 DEBUG   HandlerThread:5545 [system_info.py:_probe_git():188] Probing git done
2023-05-11 19:46:56,752 DEBUG   HandlerThread:5545 [system_info.py:probe():240] Probing system done
2023-05-11 19:46:56,753 DEBUG   HandlerThread:5545 [system_monitor.py:probe():210] {'os': 'macOS-13.3.1-arm64-arm-64bit', 'python': '3.9.12', 'heartbeatAt': '2023-05-11T17:46:56.731224', 'startedAt': '2023-05-11T17:46:56.107577', 'docker': None, 'cuda': None, 'args': ('artifact', 'put', '--name', 'exercise_4/genres_mod.parquet', '--type', 'raw_data', '--description', 'A modified version of the songs dataset', 'genres_mod.parquet'), 'state': 'running', 'program': '/opt/homebrew/bin/wandb', 'git': {'remote': 'https://github.com/PedramHashemi/cd0581-building-a-reproducible-model-workflow-exercises.git', 'commit': 'b97e1a7e730ce71bdecef1a4e8d09896f4be5459'}, 'email': 's.pedram.h@gmail.com', 'root': '/Users/pedram/PycharmProjects/cd0581-building-a-reproducible-model-workflow-exercises', 'host': 'Hulk.fritz.box', 'username': 'pedram', 'executable': '/opt/homebrew/opt/python@3.9/bin/python3.9', 'cpu_count': 8, 'cpu_count_logical': 8, 'disk': {'total': 926.3517189025879, 'used': 8.451492309570312}, 'gpuapple': {'type': 'arm', 'vendor': 'Apple'}, 'memory': {'total': 16.0}}
2023-05-11 19:46:56,753 INFO    HandlerThread:5545 [system_monitor.py:probe():211] Finished collecting system info
2023-05-11 19:46:56,753 INFO    HandlerThread:5545 [system_monitor.py:probe():214] Publishing system info
2023-05-11 19:46:56,753 DEBUG   HandlerThread:5545 [system_info.py:_save_pip():51] Saving list of pip packages installed into the current environment
2023-05-11 19:46:56,753 DEBUG   HandlerThread:5545 [system_info.py:_save_pip():67] Saving pip packages done
2023-05-11 19:46:56,754 INFO    HandlerThread:5545 [system_monitor.py:probe():216] Finished publishing system info
2023-05-11 19:46:56,755 DEBUG   SenderThread:5545 [sender.py:send():375] send: files
2023-05-11 19:46:56,756 INFO    SenderThread:5545 [sender.py:_save_file():1378] saving file wandb-metadata.json with policy now
2023-05-11 19:46:56,759 DEBUG   HandlerThread:5545 [handler.py:handle_request():144] handle_request: stop_status
2023-05-11 19:46:56,759 DEBUG   SenderThread:5545 [sender.py:send_request():402] send_request: stop_status
2023-05-11 19:46:56,952 DEBUG   SenderThread:5545 [sender.py:send():375] send: telemetry
2023-05-11 19:46:57,231 INFO    wandb-upload_0:5545 [upload_job.py:push():137] Uploaded file /var/folders/v5/0976mnlx54z7jmk4_t491_2r0000gn/T/tmpn51j_aunwandb/g1wxsx9u-wandb-metadata.json
2023-05-11 19:46:57,529 DEBUG   HandlerThread:5545 [handler.py:handle_request():144] handle_request: log_artifact
2023-05-11 19:46:57,530 DEBUG   SenderThread:5545 [sender.py:send_request():402] send_request: log_artifact
2023-05-11 19:46:57,561 INFO    Thread-12 :5545 [dir_watcher.py:_on_file_created():278] file/dir created: /Users/pedram/PycharmProjects/cd0581-building-a-reproducible-model-workflow-exercises/lesson-2-data-exploration-and-preparation/exercises/exercise_4/starter/wandb/run-20230511_194656-dri22dry/files/wandb-summary.json
2023-05-11 19:46:57,561 INFO    Thread-12 :5545 [dir_watcher.py:_on_file_created():278] file/dir created: /Users/pedram/PycharmProjects/cd0581-building-a-reproducible-model-workflow-exercises/lesson-2-data-exploration-and-preparation/exercises/exercise_4/starter/wandb/run-20230511_194656-dri22dry/files/requirements.txt
2023-05-11 19:46:57,561 INFO    Thread-12 :5545 [dir_watcher.py:_on_file_created():278] file/dir created: /Users/pedram/PycharmProjects/cd0581-building-a-reproducible-model-workflow-exercises/lesson-2-data-exploration-and-preparation/exercises/exercise_4/starter/wandb/run-20230511_194656-dri22dry/files/wandb-metadata.json
2023-05-11 19:46:59,930 INFO    wandb-upload_0:5545 [upload_job.py:push():95] Uploaded file /Users/pedram/Library/Application Support/wandb/artifacts/staging/tmp90p373w5
2023-05-11 19:47:00,852 INFO    SenderThread:5545 [sender.py:send_request_log_artifact():1438] logged artifact genres_mod.parquet - {'id': 'QXJ0aWZhY3Q6NDUxMTM2Nzky', 'digest': 'd07cfe0c8bd86971c9f85bce13c85266', 'state': 'PENDING', 'aliases': [], 'artifactSequence': {'id': 'QXJ0aWZhY3RDb2xsZWN0aW9uOjY4NTUxOTE4', 'latestArtifact': None}, 'version': 'latest'}
2023-05-11 19:47:01,575 DEBUG   HandlerThread:5545 [handler.py:handle_request():144] handle_request: status_report
2023-05-11 19:47:01,577 DEBUG   SenderThread:5545 [sender.py:send():375] send: exit
2023-05-11 19:47:01,577 INFO    SenderThread:5545 [sender.py:send_exit():598] handling exit code: 0
2023-05-11 19:47:01,577 INFO    SenderThread:5545 [sender.py:send_exit():600] handling runtime: 4
2023-05-11 19:47:01,578 INFO    SenderThread:5545 [sender.py:_save_file():1378] saving file wandb-summary.json with policy end
2023-05-11 19:47:01,579 INFO    SenderThread:5545 [sender.py:send_exit():606] send defer
2023-05-11 19:47:01,579 DEBUG   HandlerThread:5545 [handler.py:handle_request():144] handle_request: defer
2023-05-11 19:47:01,579 INFO    HandlerThread:5545 [handler.py:handle_request_defer():170] handle defer: 0
2023-05-11 19:47:01,579 DEBUG   SenderThread:5545 [sender.py:send_request():402] send_request: defer
2023-05-11 19:47:01,579 INFO    SenderThread:5545 [sender.py:send_request_defer():622] handle sender defer: 0
2023-05-11 19:47:01,579 INFO    SenderThread:5545 [sender.py:transition_state():626] send defer: 1
2023-05-11 19:47:01,580 DEBUG   HandlerThread:5545 [handler.py:handle_request():144] handle_request: defer
2023-05-11 19:47:01,580 INFO    HandlerThread:5545 [handler.py:handle_request_defer():170] handle defer: 1
2023-05-11 19:47:01,580 DEBUG   SenderThread:5545 [sender.py:send_request():402] send_request: defer
2023-05-11 19:47:01,581 INFO    Thread-12 :5545 [dir_watcher.py:_on_file_modified():295] file/dir modified: /Users/pedram/PycharmProjects/cd0581-building-a-reproducible-model-workflow-exercises/lesson-2-data-exploration-and-preparation/exercises/exercise_4/starter/wandb/run-20230511_194656-dri22dry/files/wandb-summary.json
2023-05-11 19:47:01,581 INFO    SenderThread:5545 [sender.py:send_request_defer():622] handle sender defer: 1
2023-05-11 19:47:01,581 INFO    Thread-12 :5545 [dir_watcher.py:_on_file_created():278] file/dir created: /Users/pedram/PycharmProjects/cd0581-building-a-reproducible-model-workflow-exercises/lesson-2-data-exploration-and-preparation/exercises/exercise_4/starter/wandb/run-20230511_194656-dri22dry/files/output.log
2023-05-11 19:47:01,582 INFO    SenderThread:5545 [sender.py:transition_state():626] send defer: 2
2023-05-11 19:47:01,582 DEBUG   HandlerThread:5545 [handler.py:handle_request():144] handle_request: defer
2023-05-11 19:47:01,582 INFO    HandlerThread:5545 [handler.py:handle_request_defer():170] handle defer: 2
2023-05-11 19:47:01,582 INFO    HandlerThread:5545 [system_monitor.py:finish():190] Stopping system monitor
2023-05-11 19:47:01,582 DEBUG   SystemMonitor:5545 [system_monitor.py:_start():159] Starting system metrics aggregation loop
2023-05-11 19:47:01,582 DEBUG   SystemMonitor:5545 [system_monitor.py:_start():166] Finished system metrics aggregation loop
2023-05-11 19:47:01,582 DEBUG   SystemMonitor:5545 [system_monitor.py:_start():170] Publishing last batch of metrics
2023-05-11 19:47:01,583 INFO    HandlerThread:5545 [interfaces.py:finish():202] Joined cpu monitor
2023-05-11 19:47:01,583 INFO    HandlerThread:5545 [interfaces.py:finish():202] Joined disk monitor
2023-05-11 19:47:01,583 INFO    HandlerThread:5545 [interfaces.py:finish():202] Joined gpuapple monitor
2023-05-11 19:47:01,583 INFO    HandlerThread:5545 [interfaces.py:finish():202] Joined memory monitor
2023-05-11 19:47:01,583 INFO    HandlerThread:5545 [interfaces.py:finish():202] Joined network monitor
2023-05-11 19:47:01,584 DEBUG   SenderThread:5545 [sender.py:send_request():402] send_request: defer
2023-05-11 19:47:01,584 INFO    SenderThread:5545 [sender.py:send_request_defer():622] handle sender defer: 2
2023-05-11 19:47:01,584 INFO    SenderThread:5545 [sender.py:transition_state():626] send defer: 3
2023-05-11 19:47:01,584 DEBUG   SenderThread:5545 [sender.py:send():375] send: telemetry
2023-05-11 19:47:01,584 DEBUG   SenderThread:5545 [sender.py:send():375] send: stats
2023-05-11 19:47:01,584 DEBUG   HandlerThread:5545 [handler.py:handle_request():144] handle_request: defer
2023-05-11 19:47:01,584 INFO    HandlerThread:5545 [handler.py:handle_request_defer():170] handle defer: 3
2023-05-11 19:47:01,585 DEBUG   SenderThread:5545 [sender.py:send_request():402] send_request: defer
2023-05-11 19:47:01,585 INFO    SenderThread:5545 [sender.py:send_request_defer():622] handle sender defer: 3
2023-05-11 19:47:01,585 INFO    SenderThread:5545 [sender.py:transition_state():626] send defer: 4
2023-05-11 19:47:01,585 DEBUG   HandlerThread:5545 [handler.py:handle_request():144] handle_request: defer
2023-05-11 19:47:01,585 INFO    HandlerThread:5545 [handler.py:handle_request_defer():170] handle defer: 4
2023-05-11 19:47:01,585 DEBUG   SenderThread:5545 [sender.py:send_request():402] send_request: defer
2023-05-11 19:47:01,585 INFO    SenderThread:5545 [sender.py:send_request_defer():622] handle sender defer: 4
2023-05-11 19:47:01,585 INFO    SenderThread:5545 [sender.py:transition_state():626] send defer: 5
2023-05-11 19:47:01,585 DEBUG   HandlerThread:5545 [handler.py:handle_request():144] handle_request: defer
2023-05-11 19:47:01,585 INFO    HandlerThread:5545 [handler.py:handle_request_defer():170] handle defer: 5
2023-05-11 19:47:01,585 DEBUG   SenderThread:5545 [sender.py:send():375] send: summary
2023-05-11 19:47:01,586 INFO    SenderThread:5545 [sender.py:_save_file():1378] saving file wandb-summary.json with policy end
2023-05-11 19:47:01,586 DEBUG   SenderThread:5545 [sender.py:send_request():402] send_request: defer
2023-05-11 19:47:01,586 INFO    SenderThread:5545 [sender.py:send_request_defer():622] handle sender defer: 5
2023-05-11 19:47:01,586 INFO    SenderThread:5545 [sender.py:transition_state():626] send defer: 6
2023-05-11 19:47:01,586 DEBUG   HandlerThread:5545 [handler.py:handle_request():144] handle_request: defer
2023-05-11 19:47:01,586 INFO    HandlerThread:5545 [handler.py:handle_request_defer():170] handle defer: 6
2023-05-11 19:47:01,586 DEBUG   SenderThread:5545 [sender.py:send_request():402] send_request: defer
2023-05-11 19:47:01,586 INFO    SenderThread:5545 [sender.py:send_request_defer():622] handle sender defer: 6
2023-05-11 19:47:01,590 DEBUG   HandlerThread:5545 [handler.py:handle_request():144] handle_request: status_report
2023-05-11 19:47:01,820 INFO    SenderThread:5545 [sender.py:transition_state():626] send defer: 7
2023-05-11 19:47:01,820 DEBUG   HandlerThread:5545 [handler.py:handle_request():144] handle_request: defer
2023-05-11 19:47:01,820 INFO    HandlerThread:5545 [handler.py:handle_request_defer():170] handle defer: 7
2023-05-11 19:47:01,820 DEBUG   SenderThread:5545 [sender.py:send_request():402] send_request: defer
2023-05-11 19:47:01,820 INFO    SenderThread:5545 [sender.py:send_request_defer():622] handle sender defer: 7
2023-05-11 19:47:02,583 DEBUG   HandlerThread:5545 [handler.py:handle_request():144] handle_request: poll_exit
2023-05-11 19:47:02,585 INFO    Thread-12 :5545 [dir_watcher.py:_on_file_modified():295] file/dir modified: /Users/pedram/PycharmProjects/cd0581-building-a-reproducible-model-workflow-exercises/lesson-2-data-exploration-and-preparation/exercises/exercise_4/starter/wandb/run-20230511_194656-dri22dry/files/wandb-summary.json
2023-05-11 19:47:02,585 INFO    Thread-12 :5545 [dir_watcher.py:_on_file_modified():295] file/dir modified: /Users/pedram/PycharmProjects/cd0581-building-a-reproducible-model-workflow-exercises/lesson-2-data-exploration-and-preparation/exercises/exercise_4/starter/wandb/run-20230511_194656-dri22dry/files/config.yaml
2023-05-11 19:47:03,584 INFO    SenderThread:5545 [sender.py:transition_state():626] send defer: 8
2023-05-11 19:47:03,585 DEBUG   SenderThread:5545 [sender.py:send_request():402] send_request: poll_exit
2023-05-11 19:47:03,585 DEBUG   HandlerThread:5545 [handler.py:handle_request():144] handle_request: defer
2023-05-11 19:47:03,585 INFO    HandlerThread:5545 [handler.py:handle_request_defer():170] handle defer: 8
2023-05-11 19:47:03,586 DEBUG   SenderThread:5545 [sender.py:send_request():402] send_request: defer
2023-05-11 19:47:03,587 DEBUG   HandlerThread:5545 [handler.py:handle_request():144] handle_request: poll_exit
2023-05-11 19:47:03,587 INFO    SenderThread:5545 [sender.py:send_request_defer():622] handle sender defer: 8
2023-05-11 19:47:03,588 INFO    Thread-12 :5545 [dir_watcher.py:_on_file_modified():295] file/dir modified: /Users/pedram/PycharmProjects/cd0581-building-a-reproducible-model-workflow-exercises/lesson-2-data-exploration-and-preparation/exercises/exercise_4/starter/wandb/run-20230511_194656-dri22dry/files/output.log
2023-05-11 19:47:03,589 INFO    SenderThread:5545 [sender.py:transition_state():626] send defer: 9
2023-05-11 19:47:03,589 DEBUG   SenderThread:5545 [sender.py:send_request():402] send_request: poll_exit
2023-05-11 19:47:03,589 DEBUG   HandlerThread:5545 [handler.py:handle_request():144] handle_request: defer
2023-05-11 19:47:03,589 INFO    HandlerThread:5545 [handler.py:handle_request_defer():170] handle defer: 9
2023-05-11 19:47:03,589 DEBUG   SenderThread:5545 [sender.py:send_request():402] send_request: defer
2023-05-11 19:47:03,589 INFO    SenderThread:5545 [sender.py:send_request_defer():622] handle sender defer: 9
2023-05-11 19:47:03,589 INFO    SenderThread:5545 [dir_watcher.py:finish():365] shutting down directory watcher
2023-05-11 19:47:04,595 DEBUG   HandlerThread:5545 [handler.py:handle_request():144] handle_request: poll_exit
2023-05-11 19:47:04,596 INFO    SenderThread:5545 [dir_watcher.py:finish():395] scan: /Users/pedram/PycharmProjects/cd0581-building-a-reproducible-model-workflow-exercises/lesson-2-data-exploration-and-preparation/exercises/exercise_4/starter/wandb/run-20230511_194656-dri22dry/files
2023-05-11 19:47:04,596 INFO    SenderThread:5545 [dir_watcher.py:finish():409] scan save: /Users/pedram/PycharmProjects/cd0581-building-a-reproducible-model-workflow-exercises/lesson-2-data-exploration-and-preparation/exercises/exercise_4/starter/wandb/run-20230511_194656-dri22dry/files/requirements.txt requirements.txt
2023-05-11 19:47:04,597 INFO    SenderThread:5545 [dir_watcher.py:finish():409] scan save: /Users/pedram/PycharmProjects/cd0581-building-a-reproducible-model-workflow-exercises/lesson-2-data-exploration-and-preparation/exercises/exercise_4/starter/wandb/run-20230511_194656-dri22dry/files/output.log output.log
2023-05-11 19:47:04,600 INFO    SenderThread:5545 [dir_watcher.py:finish():409] scan save: /Users/pedram/PycharmProjects/cd0581-building-a-reproducible-model-workflow-exercises/lesson-2-data-exploration-and-preparation/exercises/exercise_4/starter/wandb/run-20230511_194656-dri22dry/files/config.yaml config.yaml
2023-05-11 19:47:04,603 INFO    SenderThread:5545 [dir_watcher.py:finish():409] scan save: /Users/pedram/PycharmProjects/cd0581-building-a-reproducible-model-workflow-exercises/lesson-2-data-exploration-and-preparation/exercises/exercise_4/starter/wandb/run-20230511_194656-dri22dry/files/wandb-summary.json wandb-summary.json
2023-05-11 19:47:04,607 INFO    SenderThread:5545 [dir_watcher.py:finish():409] scan save: /Users/pedram/PycharmProjects/cd0581-building-a-reproducible-model-workflow-exercises/lesson-2-data-exploration-and-preparation/exercises/exercise_4/starter/wandb/run-20230511_194656-dri22dry/files/wandb-metadata.json wandb-metadata.json
2023-05-11 19:47:04,607 INFO    SenderThread:5545 [sender.py:transition_state():626] send defer: 10
2023-05-11 19:47:04,607 DEBUG   SenderThread:5545 [sender.py:send_request():402] send_request: poll_exit
2023-05-11 19:47:04,608 DEBUG   HandlerThread:5545 [handler.py:handle_request():144] handle_request: defer
2023-05-11 19:47:04,608 INFO    HandlerThread:5545 [handler.py:handle_request_defer():170] handle defer: 10
2023-05-11 19:47:04,610 DEBUG   SenderThread:5545 [sender.py:send_request():402] send_request: defer
2023-05-11 19:47:04,610 INFO    SenderThread:5545 [sender.py:send_request_defer():622] handle sender defer: 10
2023-05-11 19:47:04,610 INFO    SenderThread:5545 [file_pusher.py:finish():167] shutting down file pusher
2023-05-11 19:47:05,080 INFO    wandb-upload_1:5545 [upload_job.py:push():137] Uploaded file /Users/pedram/PycharmProjects/cd0581-building-a-reproducible-model-workflow-exercises/lesson-2-data-exploration-and-preparation/exercises/exercise_4/starter/wandb/run-20230511_194656-dri22dry/files/output.log
2023-05-11 19:47:05,125 INFO    wandb-upload_0:5545 [upload_job.py:push():137] Uploaded file /Users/pedram/PycharmProjects/cd0581-building-a-reproducible-model-workflow-exercises/lesson-2-data-exploration-and-preparation/exercises/exercise_4/starter/wandb/run-20230511_194656-dri22dry/files/requirements.txt
2023-05-11 19:47:05,155 INFO    wandb-upload_2:5545 [upload_job.py:push():137] Uploaded file /Users/pedram/PycharmProjects/cd0581-building-a-reproducible-model-workflow-exercises/lesson-2-data-exploration-and-preparation/exercises/exercise_4/starter/wandb/run-20230511_194656-dri22dry/files/config.yaml
2023-05-11 19:47:05,174 INFO    wandb-upload_3:5545 [upload_job.py:push():137] Uploaded file /Users/pedram/PycharmProjects/cd0581-building-a-reproducible-model-workflow-exercises/lesson-2-data-exploration-and-preparation/exercises/exercise_4/starter/wandb/run-20230511_194656-dri22dry/files/wandb-summary.json
2023-05-11 19:47:05,375 INFO    Thread-11 :5545 [sender.py:transition_state():626] send defer: 11
2023-05-11 19:47:05,376 DEBUG   HandlerThread:5545 [handler.py:handle_request():144] handle_request: defer
2023-05-11 19:47:05,376 INFO    HandlerThread:5545 [handler.py:handle_request_defer():170] handle defer: 11
2023-05-11 19:47:05,376 DEBUG   SenderThread:5545 [sender.py:send_request():402] send_request: defer
2023-05-11 19:47:05,377 INFO    SenderThread:5545 [sender.py:send_request_defer():622] handle sender defer: 11
2023-05-11 19:47:05,377 INFO    SenderThread:5545 [file_pusher.py:join():172] waiting for file pusher
2023-05-11 19:47:05,377 INFO    SenderThread:5545 [sender.py:transition_state():626] send defer: 12
2023-05-11 19:47:05,377 DEBUG   HandlerThread:5545 [handler.py:handle_request():144] handle_request: defer
2023-05-11 19:47:05,377 INFO    HandlerThread:5545 [handler.py:handle_request_defer():170] handle defer: 12
2023-05-11 19:47:05,378 DEBUG   SenderThread:5545 [sender.py:send_request():402] send_request: defer
2023-05-11 19:47:05,378 INFO    SenderThread:5545 [sender.py:send_request_defer():622] handle sender defer: 12
2023-05-11 19:47:05,600 DEBUG   HandlerThread:5545 [handler.py:handle_request():144] handle_request: poll_exit
2023-05-11 19:47:05,611 INFO    SenderThread:5545 [sender.py:transition_state():626] send defer: 13
2023-05-11 19:47:05,611 DEBUG   SenderThread:5545 [sender.py:send_request():402] send_request: poll_exit
2023-05-11 19:47:05,612 DEBUG   HandlerThread:5545 [handler.py:handle_request():144] handle_request: defer
2023-05-11 19:47:05,612 INFO    HandlerThread:5545 [handler.py:handle_request_defer():170] handle defer: 13
2023-05-11 19:47:05,612 DEBUG   SenderThread:5545 [sender.py:send_request():402] send_request: defer
2023-05-11 19:47:05,612 INFO    SenderThread:5545 [sender.py:send_request_defer():622] handle sender defer: 13
2023-05-11 19:47:05,612 INFO    SenderThread:5545 [sender.py:transition_state():626] send defer: 14
2023-05-11 19:47:05,612 DEBUG   HandlerThread:5545 [handler.py:handle_request():144] handle_request: defer
2023-05-11 19:47:05,612 INFO    HandlerThread:5545 [handler.py:handle_request_defer():170] handle defer: 14
2023-05-11 19:47:05,613 DEBUG   SenderThread:5545 [sender.py:send():375] send: final
2023-05-11 19:47:05,613 DEBUG   SenderThread:5545 [sender.py:send():375] send: footer
2023-05-11 19:47:05,613 DEBUG   SenderThread:5545 [sender.py:send_request():402] send_request: defer
2023-05-11 19:47:05,613 INFO    SenderThread:5545 [sender.py:send_request_defer():622] handle sender defer: 14
2023-05-11 19:47:05,613 DEBUG   HandlerThread:5545 [handler.py:handle_request():144] handle_request: poll_exit
2023-05-11 19:47:05,614 DEBUG   SenderThread:5545 [sender.py:send_request():402] send_request: poll_exit
2023-05-11 19:47:05,614 DEBUG   HandlerThread:5545 [handler.py:handle_request():144] handle_request: poll_exit
2023-05-11 19:47:05,614 DEBUG   SenderThread:5545 [sender.py:send_request():402] send_request: poll_exit
2023-05-11 19:47:05,615 DEBUG   HandlerThread:5545 [handler.py:handle_request():144] handle_request: server_info
2023-05-11 19:47:05,615 DEBUG   SenderThread:5545 [sender.py:send_request():402] send_request: server_info
2023-05-11 19:47:05,617 DEBUG   HandlerThread:5545 [handler.py:handle_request():144] handle_request: get_summary
2023-05-11 19:47:05,617 DEBUG   HandlerThread:5545 [handler.py:handle_request():144] handle_request: sampled_history
2023-05-11 19:47:05,773 INFO    MainThread:5545 [wandb_run.py:_footer_history_summary_info():3469] rendering history
2023-05-11 19:47:05,774 INFO    MainThread:5545 [wandb_run.py:_footer_history_summary_info():3501] rendering summary
2023-05-11 19:47:05,774 INFO    MainThread:5545 [wandb_run.py:_footer_sync_info():3428] logging synced files
2023-05-11 19:47:05,774 DEBUG   HandlerThread:5545 [handler.py:handle_request():144] handle_request: shutdown
2023-05-11 19:47:05,774 INFO    HandlerThread:5545 [handler.py:finish():845] shutting down handler
2023-05-11 19:47:06,620 INFO    WriterThread:5545 [datastore.py:close():298] close: /Users/pedram/PycharmProjects/cd0581-building-a-reproducible-model-workflow-exercises/lesson-2-data-exploration-and-preparation/exercises/exercise_4/starter/wandb/run-20230511_194656-dri22dry/run-dri22dry.wandb
2023-05-11 19:47:06,779 INFO    SenderThread:5545 [sender.py:finish():1550] shutting down sender
2023-05-11 19:47:06,779 INFO    SenderThread:5545 [file_pusher.py:finish():167] shutting down file pusher
2023-05-11 19:47:06,779 INFO    SenderThread:5545 [file_pusher.py:join():172] waiting for file pusher
