2023-05-11 20:36:26,596 INFO    StreamThr :8467 [internal.py:wandb_internal():86] W&B internal server running at pid: 8467, started at: 2023-05-11 20:36:26.596402
2023-05-11 20:36:26,597 DEBUG   HandlerThread:8467 [handler.py:handle_request():144] handle_request: status
2023-05-11 20:36:26,598 INFO    WriterThread:8467 [datastore.py:open_for_write():85] open: /Users/pedram/PycharmProjects/cd0581-building-a-reproducible-model-workflow-exercises/lesson-2-data-exploration-and-preparation/exercises/exercise_4/starter/wandb/run-20230511_203626-5o1xyw4g/run-5o1xyw4g.wandb
2023-05-11 20:36:26,600 DEBUG   SenderThread:8467 [sender.py:send():375] send: header
2023-05-11 20:36:26,620 DEBUG   SenderThread:8467 [sender.py:send():375] send: run
2023-05-11 20:36:27,162 INFO    SenderThread:8467 [dir_watcher.py:__init__():219] watching files in: /Users/pedram/PycharmProjects/cd0581-building-a-reproducible-model-workflow-exercises/lesson-2-data-exploration-and-preparation/exercises/exercise_4/starter/wandb/run-20230511_203626-5o1xyw4g/files
2023-05-11 20:36:27,163 INFO    SenderThread:8467 [sender.py:_start_run_threads():1124] run started: 5o1xyw4g with start time 1683830186.595909
2023-05-11 20:36:27,163 DEBUG   SenderThread:8467 [sender.py:send_request():402] send_request: summary_record
2023-05-11 20:36:27,163 INFO    SenderThread:8467 [sender.py:_save_file():1378] saving file wandb-summary.json with policy end
2023-05-11 20:36:27,165 DEBUG   HandlerThread:8467 [handler.py:handle_request():144] handle_request: check_version
2023-05-11 20:36:27,165 DEBUG   SenderThread:8467 [sender.py:send_request():402] send_request: check_version
2023-05-11 20:36:27,306 DEBUG   HandlerThread:8467 [handler.py:handle_request():144] handle_request: run_start
2023-05-11 20:36:27,307 DEBUG   HandlerThread:8467 [system_info.py:__init__():31] System info init
2023-05-11 20:36:27,307 DEBUG   HandlerThread:8467 [system_info.py:__init__():46] System info init done
2023-05-11 20:36:27,307 INFO    HandlerThread:8467 [system_monitor.py:start():181] Starting system monitor
2023-05-11 20:36:27,307 INFO    SystemMonitor:8467 [system_monitor.py:_start():145] Starting system asset monitoring threads
2023-05-11 20:36:27,308 INFO    HandlerThread:8467 [system_monitor.py:probe():201] Collecting system info
2023-05-11 20:36:27,308 DEBUG   HandlerThread:8467 [system_info.py:probe():195] Probing system
2023-05-11 20:36:27,308 INFO    SystemMonitor:8467 [interfaces.py:start():190] Started cpu monitoring
2023-05-11 20:36:27,308 INFO    SystemMonitor:8467 [interfaces.py:start():190] Started disk monitoring
2023-05-11 20:36:27,310 INFO    SystemMonitor:8467 [interfaces.py:start():190] Started gpuapple monitoring
2023-05-11 20:36:27,312 INFO    SystemMonitor:8467 [interfaces.py:start():190] Started memory monitoring
2023-05-11 20:36:27,313 INFO    SystemMonitor:8467 [interfaces.py:start():190] Started network monitoring
2023-05-11 20:36:27,314 DEBUG   HandlerThread:8467 [system_info.py:_probe_git():180] Probing git
2023-05-11 20:36:27,337 DEBUG   HandlerThread:8467 [system_info.py:_probe_git():188] Probing git done
2023-05-11 20:36:27,337 DEBUG   HandlerThread:8467 [system_info.py:probe():240] Probing system done
2023-05-11 20:36:27,337 DEBUG   HandlerThread:8467 [system_monitor.py:probe():210] {'os': 'macOS-13.3.1-arm64-arm-64bit', 'python': '3.8.16', 'heartbeatAt': '2023-05-11T18:36:27.308139', 'startedAt': '2023-05-11T18:36:26.582542', 'docker': None, 'cuda': None, 'args': (), 'state': 'running', 'program': '<python with no main file>', 'git': {'remote': 'https://github.com/PedramHashemi/cd0581-building-a-reproducible-model-workflow-exercises.git', 'commit': 'b97e1a7e730ce71bdecef1a4e8d09896f4be5459'}, 'email': 's.pedram.h@gmail.com', 'root': '/Users/pedram/PycharmProjects/cd0581-building-a-reproducible-model-workflow-exercises', 'host': 'Hulk.fritz.box', 'username': 'pedram', 'executable': '/Users/pedram/miniconda3/envs/building-reproducible-model-workflow-3.8/bin/python', 'cpu_count': 8, 'cpu_count_logical': 8, 'disk': {'total': 926.3517189025879, 'used': 174.91828536987305}, 'gpuapple': {'type': 'arm', 'vendor': 'Apple'}, 'memory': {'total': 16.0}}
2023-05-11 20:36:27,337 INFO    HandlerThread:8467 [system_monitor.py:probe():211] Finished collecting system info
2023-05-11 20:36:27,337 INFO    HandlerThread:8467 [system_monitor.py:probe():214] Publishing system info
2023-05-11 20:36:27,337 DEBUG   HandlerThread:8467 [system_info.py:_save_pip():51] Saving list of pip packages installed into the current environment
2023-05-11 20:36:27,338 DEBUG   HandlerThread:8467 [system_info.py:_save_pip():67] Saving pip packages done
2023-05-11 20:36:27,338 DEBUG   HandlerThread:8467 [system_info.py:_save_conda():74] Saving list of conda packages installed into the current environment
2023-05-11 20:36:28,167 INFO    Thread-12 :8467 [dir_watcher.py:_on_file_created():278] file/dir created: /Users/pedram/PycharmProjects/cd0581-building-a-reproducible-model-workflow-exercises/lesson-2-data-exploration-and-preparation/exercises/exercise_4/starter/wandb/run-20230511_203626-5o1xyw4g/files/conda-environment.yaml
2023-05-11 20:36:28,167 INFO    Thread-12 :8467 [dir_watcher.py:_on_file_created():278] file/dir created: /Users/pedram/PycharmProjects/cd0581-building-a-reproducible-model-workflow-exercises/lesson-2-data-exploration-and-preparation/exercises/exercise_4/starter/wandb/run-20230511_203626-5o1xyw4g/files/requirements.txt
2023-05-11 20:36:28,167 INFO    Thread-12 :8467 [dir_watcher.py:_on_file_created():278] file/dir created: /Users/pedram/PycharmProjects/cd0581-building-a-reproducible-model-workflow-exercises/lesson-2-data-exploration-and-preparation/exercises/exercise_4/starter/wandb/run-20230511_203626-5o1xyw4g/files/wandb-summary.json
2023-05-11 20:36:28,415 DEBUG   HandlerThread:8467 [system_info.py:_save_conda():86] Saving conda packages done
2023-05-11 20:36:28,415 INFO    HandlerThread:8467 [system_monitor.py:probe():216] Finished publishing system info
2023-05-11 20:36:28,417 DEBUG   SenderThread:8467 [sender.py:send():375] send: files
2023-05-11 20:36:28,417 INFO    SenderThread:8467 [sender.py:_save_file():1378] saving file wandb-metadata.json with policy now
2023-05-11 20:36:28,420 DEBUG   HandlerThread:8467 [handler.py:handle_request():144] handle_request: stop_status
2023-05-11 20:36:28,420 DEBUG   SenderThread:8467 [sender.py:send_request():402] send_request: stop_status
2023-05-11 20:36:28,623 DEBUG   SenderThread:8467 [sender.py:send():375] send: telemetry
2023-05-11 20:36:28,950 INFO    wandb-upload_0:8467 [upload_job.py:push():137] Uploaded file /var/folders/v5/0976mnlx54z7jmk4_t491_2r0000gn/T/tmp8wn1uxrbwandb/6v0x0rhn-wandb-metadata.json
2023-05-11 20:36:29,171 INFO    Thread-12 :8467 [dir_watcher.py:_on_file_modified():295] file/dir modified: /Users/pedram/PycharmProjects/cd0581-building-a-reproducible-model-workflow-exercises/lesson-2-data-exploration-and-preparation/exercises/exercise_4/starter/wandb/run-20230511_203626-5o1xyw4g/files/conda-environment.yaml
2023-05-11 20:36:29,172 INFO    Thread-12 :8467 [dir_watcher.py:_on_file_created():278] file/dir created: /Users/pedram/PycharmProjects/cd0581-building-a-reproducible-model-workflow-exercises/lesson-2-data-exploration-and-preparation/exercises/exercise_4/starter/wandb/run-20230511_203626-5o1xyw4g/files/wandb-metadata.json
2023-05-11 20:36:29,172 INFO    Thread-12 :8467 [dir_watcher.py:_on_file_created():278] file/dir created: /Users/pedram/PycharmProjects/cd0581-building-a-reproducible-model-workflow-exercises/lesson-2-data-exploration-and-preparation/exercises/exercise_4/starter/wandb/run-20230511_203626-5o1xyw4g/files/output.log
2023-05-11 20:36:31,179 INFO    Thread-12 :8467 [dir_watcher.py:_on_file_modified():295] file/dir modified: /Users/pedram/PycharmProjects/cd0581-building-a-reproducible-model-workflow-exercises/lesson-2-data-exploration-and-preparation/exercises/exercise_4/starter/wandb/run-20230511_203626-5o1xyw4g/files/output.log
2023-05-11 20:36:31,639 DEBUG   HandlerThread:8467 [handler.py:handle_request():144] handle_request: status_report
2023-05-11 20:36:31,917 DEBUG   SenderThread:8467 [sender.py:send():375] send: exit
2023-05-11 20:36:31,917 INFO    SenderThread:8467 [sender.py:send_exit():598] handling exit code: 0
2023-05-11 20:36:31,917 INFO    SenderThread:8467 [sender.py:send_exit():600] handling runtime: 4
2023-05-11 20:36:31,918 INFO    SenderThread:8467 [sender.py:_save_file():1378] saving file wandb-summary.json with policy end
2023-05-11 20:36:31,918 INFO    SenderThread:8467 [sender.py:send_exit():606] send defer
2023-05-11 20:36:31,918 DEBUG   HandlerThread:8467 [handler.py:handle_request():144] handle_request: defer
2023-05-11 20:36:31,918 INFO    HandlerThread:8467 [handler.py:handle_request_defer():170] handle defer: 0
2023-05-11 20:36:31,919 DEBUG   SenderThread:8467 [sender.py:send_request():402] send_request: defer
2023-05-11 20:36:31,919 INFO    SenderThread:8467 [sender.py:send_request_defer():622] handle sender defer: 0
2023-05-11 20:36:31,919 INFO    SenderThread:8467 [sender.py:transition_state():626] send defer: 1
2023-05-11 20:36:31,919 DEBUG   HandlerThread:8467 [handler.py:handle_request():144] handle_request: defer
2023-05-11 20:36:31,919 INFO    HandlerThread:8467 [handler.py:handle_request_defer():170] handle defer: 1
2023-05-11 20:36:31,919 DEBUG   SenderThread:8467 [sender.py:send_request():402] send_request: defer
2023-05-11 20:36:31,919 INFO    SenderThread:8467 [sender.py:send_request_defer():622] handle sender defer: 1
2023-05-11 20:36:31,919 INFO    SenderThread:8467 [sender.py:transition_state():626] send defer: 2
2023-05-11 20:36:31,919 DEBUG   HandlerThread:8467 [handler.py:handle_request():144] handle_request: defer
2023-05-11 20:36:31,919 INFO    HandlerThread:8467 [handler.py:handle_request_defer():170] handle defer: 2
2023-05-11 20:36:31,919 INFO    HandlerThread:8467 [system_monitor.py:finish():190] Stopping system monitor
2023-05-11 20:36:31,919 INFO    HandlerThread:8467 [interfaces.py:finish():202] Joined cpu monitor
2023-05-11 20:36:31,920 INFO    HandlerThread:8467 [interfaces.py:finish():202] Joined disk monitor
2023-05-11 20:36:31,920 DEBUG   SystemMonitor:8467 [system_monitor.py:_start():159] Starting system metrics aggregation loop
2023-05-11 20:36:31,920 DEBUG   SystemMonitor:8467 [system_monitor.py:_start():166] Finished system metrics aggregation loop
2023-05-11 20:36:31,920 DEBUG   SystemMonitor:8467 [system_monitor.py:_start():170] Publishing last batch of metrics
2023-05-11 20:36:31,920 INFO    HandlerThread:8467 [interfaces.py:finish():202] Joined gpuapple monitor
2023-05-11 20:36:31,920 INFO    HandlerThread:8467 [interfaces.py:finish():202] Joined memory monitor
2023-05-11 20:36:31,921 INFO    HandlerThread:8467 [interfaces.py:finish():202] Joined network monitor
2023-05-11 20:36:31,921 DEBUG   SenderThread:8467 [sender.py:send_request():402] send_request: defer
2023-05-11 20:36:31,921 INFO    SenderThread:8467 [sender.py:send_request_defer():622] handle sender defer: 2
2023-05-11 20:36:31,921 INFO    SenderThread:8467 [sender.py:transition_state():626] send defer: 3
2023-05-11 20:36:31,921 DEBUG   SenderThread:8467 [sender.py:send():375] send: telemetry
2023-05-11 20:36:31,921 DEBUG   SenderThread:8467 [sender.py:send():375] send: stats
2023-05-11 20:36:31,921 DEBUG   HandlerThread:8467 [handler.py:handle_request():144] handle_request: defer
2023-05-11 20:36:31,921 INFO    HandlerThread:8467 [handler.py:handle_request_defer():170] handle defer: 3
2023-05-11 20:36:31,921 DEBUG   SenderThread:8467 [sender.py:send_request():402] send_request: defer
2023-05-11 20:36:31,922 INFO    SenderThread:8467 [sender.py:send_request_defer():622] handle sender defer: 3
2023-05-11 20:36:31,922 INFO    SenderThread:8467 [sender.py:transition_state():626] send defer: 4
2023-05-11 20:36:31,922 DEBUG   HandlerThread:8467 [handler.py:handle_request():144] handle_request: defer
2023-05-11 20:36:31,922 INFO    HandlerThread:8467 [handler.py:handle_request_defer():170] handle defer: 4
2023-05-11 20:36:31,922 DEBUG   SenderThread:8467 [sender.py:send_request():402] send_request: defer
2023-05-11 20:36:31,922 INFO    SenderThread:8467 [sender.py:send_request_defer():622] handle sender defer: 4
2023-05-11 20:36:31,922 INFO    SenderThread:8467 [sender.py:transition_state():626] send defer: 5
2023-05-11 20:36:31,922 DEBUG   HandlerThread:8467 [handler.py:handle_request():144] handle_request: defer
2023-05-11 20:36:31,922 INFO    HandlerThread:8467 [handler.py:handle_request_defer():170] handle defer: 5
2023-05-11 20:36:31,922 DEBUG   SenderThread:8467 [sender.py:send():375] send: summary
2023-05-11 20:36:31,923 INFO    SenderThread:8467 [sender.py:_save_file():1378] saving file wandb-summary.json with policy end
2023-05-11 20:36:31,923 DEBUG   SenderThread:8467 [sender.py:send_request():402] send_request: defer
2023-05-11 20:36:31,923 INFO    SenderThread:8467 [sender.py:send_request_defer():622] handle sender defer: 5
2023-05-11 20:36:31,923 INFO    SenderThread:8467 [sender.py:transition_state():626] send defer: 6
2023-05-11 20:36:31,923 DEBUG   HandlerThread:8467 [handler.py:handle_request():144] handle_request: defer
2023-05-11 20:36:31,923 INFO    HandlerThread:8467 [handler.py:handle_request_defer():170] handle defer: 6
2023-05-11 20:36:31,923 DEBUG   SenderThread:8467 [sender.py:send_request():402] send_request: defer
2023-05-11 20:36:31,923 INFO    SenderThread:8467 [sender.py:send_request_defer():622] handle sender defer: 6
2023-05-11 20:36:31,928 DEBUG   HandlerThread:8467 [handler.py:handle_request():144] handle_request: status_report
2023-05-11 20:36:32,139 INFO    SenderThread:8467 [sender.py:transition_state():626] send defer: 7
2023-05-11 20:36:32,140 DEBUG   HandlerThread:8467 [handler.py:handle_request():144] handle_request: defer
2023-05-11 20:36:32,140 INFO    HandlerThread:8467 [handler.py:handle_request_defer():170] handle defer: 7
2023-05-11 20:36:32,140 DEBUG   SenderThread:8467 [sender.py:send_request():402] send_request: defer
2023-05-11 20:36:32,140 INFO    SenderThread:8467 [sender.py:send_request_defer():622] handle sender defer: 7
2023-05-11 20:36:32,183 INFO    Thread-12 :8467 [dir_watcher.py:_on_file_modified():295] file/dir modified: /Users/pedram/PycharmProjects/cd0581-building-a-reproducible-model-workflow-exercises/lesson-2-data-exploration-and-preparation/exercises/exercise_4/starter/wandb/run-20230511_203626-5o1xyw4g/files/wandb-summary.json
2023-05-11 20:36:32,184 INFO    Thread-12 :8467 [dir_watcher.py:_on_file_modified():295] file/dir modified: /Users/pedram/PycharmProjects/cd0581-building-a-reproducible-model-workflow-exercises/lesson-2-data-exploration-and-preparation/exercises/exercise_4/starter/wandb/run-20230511_203626-5o1xyw4g/files/config.yaml
2023-05-11 20:36:32,637 INFO    SenderThread:8467 [sender.py:transition_state():626] send defer: 8
2023-05-11 20:36:32,638 DEBUG   HandlerThread:8467 [handler.py:handle_request():144] handle_request: defer
2023-05-11 20:36:32,638 INFO    HandlerThread:8467 [handler.py:handle_request_defer():170] handle defer: 8
2023-05-11 20:36:32,639 DEBUG   SenderThread:8467 [sender.py:send_request():402] send_request: defer
2023-05-11 20:36:32,639 INFO    SenderThread:8467 [sender.py:send_request_defer():622] handle sender defer: 8
2023-05-11 20:36:32,640 INFO    SenderThread:8467 [sender.py:transition_state():626] send defer: 9
2023-05-11 20:36:32,640 DEBUG   HandlerThread:8467 [handler.py:handle_request():144] handle_request: defer
2023-05-11 20:36:32,640 INFO    HandlerThread:8467 [handler.py:handle_request_defer():170] handle defer: 9
2023-05-11 20:36:32,640 DEBUG   SenderThread:8467 [sender.py:send_request():402] send_request: defer
2023-05-11 20:36:32,640 INFO    SenderThread:8467 [sender.py:send_request_defer():622] handle sender defer: 9
2023-05-11 20:36:32,641 INFO    SenderThread:8467 [dir_watcher.py:finish():365] shutting down directory watcher
2023-05-11 20:36:32,922 DEBUG   HandlerThread:8467 [handler.py:handle_request():144] handle_request: poll_exit
2023-05-11 20:36:33,191 INFO    SenderThread:8467 [dir_watcher.py:_on_file_modified():295] file/dir modified: /Users/pedram/PycharmProjects/cd0581-building-a-reproducible-model-workflow-exercises/lesson-2-data-exploration-and-preparation/exercises/exercise_4/starter/wandb/run-20230511_203626-5o1xyw4g/files/output.log
2023-05-11 20:36:33,191 INFO    SenderThread:8467 [dir_watcher.py:finish():395] scan: /Users/pedram/PycharmProjects/cd0581-building-a-reproducible-model-workflow-exercises/lesson-2-data-exploration-and-preparation/exercises/exercise_4/starter/wandb/run-20230511_203626-5o1xyw4g/files
2023-05-11 20:36:33,192 INFO    SenderThread:8467 [dir_watcher.py:finish():409] scan save: /Users/pedram/PycharmProjects/cd0581-building-a-reproducible-model-workflow-exercises/lesson-2-data-exploration-and-preparation/exercises/exercise_4/starter/wandb/run-20230511_203626-5o1xyw4g/files/requirements.txt requirements.txt
2023-05-11 20:36:33,192 INFO    SenderThread:8467 [dir_watcher.py:finish():409] scan save: /Users/pedram/PycharmProjects/cd0581-building-a-reproducible-model-workflow-exercises/lesson-2-data-exploration-and-preparation/exercises/exercise_4/starter/wandb/run-20230511_203626-5o1xyw4g/files/output.log output.log
2023-05-11 20:36:33,196 INFO    SenderThread:8467 [dir_watcher.py:finish():409] scan save: /Users/pedram/PycharmProjects/cd0581-building-a-reproducible-model-workflow-exercises/lesson-2-data-exploration-and-preparation/exercises/exercise_4/starter/wandb/run-20230511_203626-5o1xyw4g/files/config.yaml config.yaml
2023-05-11 20:36:33,199 INFO    SenderThread:8467 [dir_watcher.py:finish():409] scan save: /Users/pedram/PycharmProjects/cd0581-building-a-reproducible-model-workflow-exercises/lesson-2-data-exploration-and-preparation/exercises/exercise_4/starter/wandb/run-20230511_203626-5o1xyw4g/files/wandb-summary.json wandb-summary.json
2023-05-11 20:36:33,202 INFO    SenderThread:8467 [dir_watcher.py:finish():409] scan save: /Users/pedram/PycharmProjects/cd0581-building-a-reproducible-model-workflow-exercises/lesson-2-data-exploration-and-preparation/exercises/exercise_4/starter/wandb/run-20230511_203626-5o1xyw4g/files/conda-environment.yaml conda-environment.yaml
2023-05-11 20:36:33,205 INFO    SenderThread:8467 [dir_watcher.py:finish():409] scan save: /Users/pedram/PycharmProjects/cd0581-building-a-reproducible-model-workflow-exercises/lesson-2-data-exploration-and-preparation/exercises/exercise_4/starter/wandb/run-20230511_203626-5o1xyw4g/files/wandb-metadata.json wandb-metadata.json
2023-05-11 20:36:33,206 INFO    SenderThread:8467 [sender.py:transition_state():626] send defer: 10
2023-05-11 20:36:33,206 DEBUG   SenderThread:8467 [sender.py:send_request():402] send_request: poll_exit
2023-05-11 20:36:33,206 DEBUG   HandlerThread:8467 [handler.py:handle_request():144] handle_request: defer
2023-05-11 20:36:33,208 INFO    HandlerThread:8467 [handler.py:handle_request_defer():170] handle defer: 10
2023-05-11 20:36:33,209 DEBUG   SenderThread:8467 [sender.py:send_request():402] send_request: defer
2023-05-11 20:36:33,209 INFO    SenderThread:8467 [sender.py:send_request_defer():622] handle sender defer: 10
2023-05-11 20:36:33,209 INFO    SenderThread:8467 [file_pusher.py:finish():167] shutting down file pusher
2023-05-11 20:36:33,685 INFO    wandb-upload_1:8467 [upload_job.py:push():137] Uploaded file /Users/pedram/PycharmProjects/cd0581-building-a-reproducible-model-workflow-exercises/lesson-2-data-exploration-and-preparation/exercises/exercise_4/starter/wandb/run-20230511_203626-5o1xyw4g/files/output.log
2023-05-11 20:36:33,740 INFO    wandb-upload_0:8467 [upload_job.py:push():137] Uploaded file /Users/pedram/PycharmProjects/cd0581-building-a-reproducible-model-workflow-exercises/lesson-2-data-exploration-and-preparation/exercises/exercise_4/starter/wandb/run-20230511_203626-5o1xyw4g/files/requirements.txt
2023-05-11 20:36:33,788 INFO    wandb-upload_3:8467 [upload_job.py:push():137] Uploaded file /Users/pedram/PycharmProjects/cd0581-building-a-reproducible-model-workflow-exercises/lesson-2-data-exploration-and-preparation/exercises/exercise_4/starter/wandb/run-20230511_203626-5o1xyw4g/files/wandb-summary.json
2023-05-11 20:36:33,820 INFO    wandb-upload_4:8467 [upload_job.py:push():137] Uploaded file /Users/pedram/PycharmProjects/cd0581-building-a-reproducible-model-workflow-exercises/lesson-2-data-exploration-and-preparation/exercises/exercise_4/starter/wandb/run-20230511_203626-5o1xyw4g/files/conda-environment.yaml
2023-05-11 20:36:33,821 INFO    wandb-upload_2:8467 [upload_job.py:push():137] Uploaded file /Users/pedram/PycharmProjects/cd0581-building-a-reproducible-model-workflow-exercises/lesson-2-data-exploration-and-preparation/exercises/exercise_4/starter/wandb/run-20230511_203626-5o1xyw4g/files/config.yaml
2023-05-11 20:36:33,927 DEBUG   HandlerThread:8467 [handler.py:handle_request():144] handle_request: poll_exit
2023-05-11 20:36:33,929 DEBUG   SenderThread:8467 [sender.py:send_request():402] send_request: poll_exit
2023-05-11 20:36:34,023 INFO    Thread-11 :8467 [sender.py:transition_state():626] send defer: 11
2023-05-11 20:36:34,024 DEBUG   HandlerThread:8467 [handler.py:handle_request():144] handle_request: defer
2023-05-11 20:36:34,024 INFO    HandlerThread:8467 [handler.py:handle_request_defer():170] handle defer: 11
2023-05-11 20:36:34,024 DEBUG   SenderThread:8467 [sender.py:send_request():402] send_request: defer
2023-05-11 20:36:34,024 INFO    SenderThread:8467 [sender.py:send_request_defer():622] handle sender defer: 11
2023-05-11 20:36:34,024 INFO    SenderThread:8467 [file_pusher.py:join():172] waiting for file pusher
2023-05-11 20:36:34,025 INFO    SenderThread:8467 [sender.py:transition_state():626] send defer: 12
2023-05-11 20:36:34,025 DEBUG   HandlerThread:8467 [handler.py:handle_request():144] handle_request: defer
2023-05-11 20:36:34,025 INFO    HandlerThread:8467 [handler.py:handle_request_defer():170] handle defer: 12
2023-05-11 20:36:34,025 DEBUG   SenderThread:8467 [sender.py:send_request():402] send_request: defer
2023-05-11 20:36:34,025 INFO    SenderThread:8467 [sender.py:send_request_defer():622] handle sender defer: 12
2023-05-11 20:36:34,266 INFO    SenderThread:8467 [sender.py:transition_state():626] send defer: 13
2023-05-11 20:36:34,266 DEBUG   HandlerThread:8467 [handler.py:handle_request():144] handle_request: defer
2023-05-11 20:36:34,266 INFO    HandlerThread:8467 [handler.py:handle_request_defer():170] handle defer: 13
2023-05-11 20:36:34,267 DEBUG   SenderThread:8467 [sender.py:send_request():402] send_request: defer
2023-05-11 20:36:34,267 INFO    SenderThread:8467 [sender.py:send_request_defer():622] handle sender defer: 13
2023-05-11 20:36:34,267 INFO    SenderThread:8467 [sender.py:transition_state():626] send defer: 14
2023-05-11 20:36:34,267 DEBUG   HandlerThread:8467 [handler.py:handle_request():144] handle_request: defer
2023-05-11 20:36:34,267 INFO    HandlerThread:8467 [handler.py:handle_request_defer():170] handle defer: 14
2023-05-11 20:36:34,268 DEBUG   SenderThread:8467 [sender.py:send():375] send: final
2023-05-11 20:36:34,268 DEBUG   SenderThread:8467 [sender.py:send():375] send: footer
2023-05-11 20:36:34,268 DEBUG   SenderThread:8467 [sender.py:send_request():402] send_request: defer
2023-05-11 20:36:34,268 INFO    SenderThread:8467 [sender.py:send_request_defer():622] handle sender defer: 14
2023-05-11 20:36:34,269 DEBUG   HandlerThread:8467 [handler.py:handle_request():144] handle_request: poll_exit
2023-05-11 20:36:34,269 DEBUG   SenderThread:8467 [sender.py:send_request():402] send_request: poll_exit
2023-05-11 20:36:34,270 DEBUG   HandlerThread:8467 [handler.py:handle_request():144] handle_request: poll_exit
2023-05-11 20:36:34,270 DEBUG   HandlerThread:8467 [handler.py:handle_request():144] handle_request: server_info
2023-05-11 20:36:34,271 DEBUG   HandlerThread:8467 [handler.py:handle_request():144] handle_request: get_summary
2023-05-11 20:36:34,271 DEBUG   SenderThread:8467 [sender.py:send_request():402] send_request: poll_exit
2023-05-11 20:36:34,271 DEBUG   SenderThread:8467 [sender.py:send_request():402] send_request: server_info
2023-05-11 20:36:34,279 DEBUG   HandlerThread:8467 [handler.py:handle_request():144] handle_request: sampled_history
2023-05-11 20:36:34,566 INFO    MainThread:8467 [wandb_run.py:_footer_history_summary_info():3469] rendering history
2023-05-11 20:36:34,567 INFO    MainThread:8467 [wandb_run.py:_footer_history_summary_info():3501] rendering summary
2023-05-11 20:36:34,567 INFO    MainThread:8467 [wandb_run.py:_footer_sync_info():3428] logging synced files
2023-05-11 20:36:34,568 DEBUG   HandlerThread:8467 [handler.py:handle_request():144] handle_request: shutdown
2023-05-11 20:36:34,569 INFO    HandlerThread:8467 [handler.py:finish():845] shutting down handler
2023-05-11 20:36:35,276 INFO    WriterThread:8467 [datastore.py:close():298] close: /Users/pedram/PycharmProjects/cd0581-building-a-reproducible-model-workflow-exercises/lesson-2-data-exploration-and-preparation/exercises/exercise_4/starter/wandb/run-20230511_203626-5o1xyw4g/run-5o1xyw4g.wandb
2023-05-11 20:36:35,571 INFO    SenderThread:8467 [sender.py:finish():1550] shutting down sender
2023-05-11 20:36:35,571 INFO    SenderThread:8467 [file_pusher.py:finish():167] shutting down file pusher
2023-05-11 20:36:35,572 INFO    SenderThread:8467 [file_pusher.py:join():172] waiting for file pusher
